0 info it worked if it ends with ok
1 verbose cli [ 'C:\\Program Files\\nodejs\\node.exe',
1 verbose cli   'C:\\Program Files\\nodejs\\node_modules\\npm\\bin\\npm-cli.js',
1 verbose cli   'install',
1 verbose cli   '-g',
1 verbose cli   'n' ]
2 info using npm@3.10.3
3 info using node@v6.7.0
4 silly loadCurrentTree Starting
5 silly install loadCurrentTree
6 silly install readGlobalPackageData
7 silly fetchPackageMetaData n
8 silly fetchNamedPackageData n
9 silly mapToRegistry name n
10 silly mapToRegistry using default registry
11 silly mapToRegistry registry https://registry.npmjs.org/
12 silly mapToRegistry data Result {
12 silly mapToRegistry   raw: 'n',
12 silly mapToRegistry   scope: null,
12 silly mapToRegistry   escapedName: 'n',
12 silly mapToRegistry   name: 'n',
12 silly mapToRegistry   rawSpec: '',
12 silly mapToRegistry   spec: 'latest',
12 silly mapToRegistry   type: 'tag' }
13 silly mapToRegistry uri https://registry.npmjs.org/n
14 verbose request uri https://registry.npmjs.org/n
15 verbose request no auth needed
16 info attempt registry request try #1 at 12:40:46
17 verbose request id 83f8dd8d2bb3dcd0
18 http request GET https://registry.npmjs.org/n
19 http 200 https://registry.npmjs.org/n
20 verbose headers { 'content-type': 'application/json; charset=UTF-8',
20 verbose headers   server: 'UploadServer',
20 verbose headers   'cache-control': 'max-age=300',
20 verbose headers   'last-modified': 'Tue, 8 May 2018 0:13:21 GMT',
20 verbose headers   etag: '"5af0eba1-12b3d"',
20 verbose headers   'x-npm-region': 'US-West',
20 verbose headers   'content-encoding': 'gzip',
20 verbose headers   'content-length': '13881',
20 verbose headers   'accept-ranges': 'bytes',
20 verbose headers   date: 'Sun, 13 May 2018 04:40:48 GMT',
20 verbose headers   via: '1.1 varnish',
20 verbose headers   age: '0',
20 verbose headers   connection: 'keep-alive',
20 verbose headers   'x-served-by': 'cache-lax8632-LAX',
20 verbose headers   'x-cache': 'HIT',
20 verbose headers   'x-cache-hits': '1',
20 verbose headers   'x-timer': 'S1526186448.060643,VS0,VE100',
20 verbose headers   vary: 'Accept-Encoding, Accept' }
21 silly get cb [ 200,
21 silly get   { 'content-type': 'application/json; charset=UTF-8',
21 silly get     server: 'UploadServer',
21 silly get     'cache-control': 'max-age=300',
21 silly get     'last-modified': 'Tue, 8 May 2018 0:13:21 GMT',
21 silly get     etag: '"5af0eba1-12b3d"',
21 silly get     'x-npm-region': 'US-West',
21 silly get     'content-encoding': 'gzip',
21 silly get     'content-length': '13881',
21 silly get     'accept-ranges': 'bytes',
21 silly get     date: 'Sun, 13 May 2018 04:40:48 GMT',
21 silly get     via: '1.1 varnish',
21 silly get     age: '0',
21 silly get     connection: 'keep-alive',
21 silly get     'x-served-by': 'cache-lax8632-LAX',
21 silly get     'x-cache': 'HIT',
21 silly get     'x-cache-hits': '1',
21 silly get     'x-timer': 'S1526186448.060643,VS0,VE100',
21 silly get     vary: 'Accept-Encoding, Accept' } ]
22 verbose get saving n to C:\Users\嘟嘟快运\AppData\Roaming\npm-cache\registry.npmjs.org\n\.cache.json
23 verbose correctMkdir C:\Users\嘟嘟快运\AppData\Roaming\npm-cache correctMkdir not in flight; initializing
24 verbose makeDirectory C:\Users\嘟嘟快运\AppData\Roaming\npm-cache creation not in flight; initializing
25 verbose makeCacheDir UID & GID are irrelevant on win32
26 silly install normalizeTree
27 silly loadCurrentTree Finishing
28 silly loadIdealTree Starting
29 silly install loadIdealTree
30 silly cloneCurrentTree Starting
31 silly install cloneCurrentTreeToIdealTree
32 silly cloneCurrentTree Finishing
33 silly loadShrinkwrap Starting
34 silly install loadShrinkwrap
35 silly loadShrinkwrap Finishing
36 silly loadAllDepsIntoIdealTree Starting
37 silly install loadAllDepsIntoIdealTree
38 silly rollbackFailedOptional Starting
39 silly rollbackFailedOptional Finishing
40 silly runTopLevelLifecycles Starting
41 silly runTopLevelLifecycles Finishing
42 silly install printInstalled
43 verbose stack Error: Unsupported platform for n@2.1.10: wanted {"name":"n","description":"Interactively Manage All Your Node Versions","version":"2.1.10","author":{"name":"TJ Holowaychuk","email":"tj@vision-media.ca"},"homepage":"https://github.com/tj/n","bugs":{"url":"https://github.com/tj/n/issues"},"contributors":[{"name":"Travis Webb","email":"me@traviswebb.com","url":"tjw.io"},{"name":"Nimit Kalra","email":"me@nimit.io","url":"http://nimit.io"},{"name":"Troy Connor","email":"troy0820@gmail.com","url":"https://github.com/troy0820"}],"keywords":["nvm","node","version","manager","switcher","node","binary","env"],"bin":{"n":"./bin/n"},"repository":{"type":"git","url":"git://github.com/tj/n.git"},"preferGlobal":true,"os":["!win32"],"engines":{"node":"*"},"license":"MIT","gitHead":"c1fff02fcb38b12e46200ef58644f6ded2d0551f","_id":"n@2.1.10","_npmVersion":"5.7.1","_nodeVersion":"10.0.0","_npmUser":{"name":"troy0820","email":"troy0820@gmail.com"},"dist":{"integrity":"sha512-7SB/P9HsNCDl21WyAkFcdNtD+E22akltkSDuRaKqr7y1PmfKfrUIZYfPRSjS0f8MtSctgqzVkbLo6lvdzAEfmQ==","shasum":"4b027a985d6b097580cc685d9fe5a1098f0717c5","tarball":"https://registry.npmjs.org/n/-/n-2.1.10.tgz","fileCount":7,"unpackedSize":29860,"npm-signature":"-----BEGIN PGP SIGNATURE-----\r\nVersion: OpenPGP.js v3.0.4\r\nComment: https://openpgpjs.org\r\n\r\nwsFcBAEBCAAQBQJa8OueCRA9TVsSAnZWagAA2cwQAKTP2TqyOVoBSrLFtVxx\npl3L1W47OfGO2ikCr6xqqDPCWWwjG/s93NtL16KjbURYAZqE55ms85voU0j0\nqg6m6xA20dL6xswrjU/dvWrdS+/dffBQG4sYC5WWMKYTOjoGawJ1Rw8whBd5\nL/apbjvB67lyYouDBg9DNZF7hC0JttJaFE7/QTAJDGadio2Icd/4FJHgF1KI\ncy/UpO9B3i3tWWPDYWE/WOvQlWc3MxD7CY8W+OjzqNSLSbeA2Ca7hSAbrysL\nrFe4BboaomHIZ9JMdwlSSdAVI/wx2AVdVLFiG1IVjE9ZmhflfW/wM3HAZLgu\nci8t5c6gKQsDMMQaG8pj6zLfqB+4BDprd/ELOo1OACd/Wl2CxDOTFzB+VncY\ncdLnKYMQ0rXzmoBMDmf/FAfMe/xAWREVszqdsYbpWbfR67oecJRyP3TsPa0+\ncvzGhasiom/ZYDr3HrPbuIomO2O8WdFo1R+FBQlpiT81D/wnhciGHE0chI/i\nHPm4zSSQjZglTRizVQGDLttEQoU8KJt1hxMrKefU4p7s9VFMZtSTMSSn3NuA\nMSbLSQ6VHXxt75dHUIokfC09ET7eu5qObIV+3jZU5keLG4YzbSNfQzVTVTqe\n4/lTMh40fYOt4g1e1qwsUQmJnB9traYYWCZotE+pwN6UHbOzG9w5LyxYihjd\nX08S\r\n=SJWe\r\n-----END PGP SIGNATURE-----\r\n"},"maintainers":[{"name":"bat","email":"ben@benatkin.com"},{"name":"qw3rtman","email":"me@nimit.io"},{"name":"tedgaydos","email":"tedgaydos@gmail.com"},{"name":"tjholowaychuk","email":"tj@vision-media.ca"},{"name":"tjwebb","email":"me@traviswebb.com"},{"name":"troy0820","email":"troy0820@gmail.com"}],"directories":{},"_npmOperationalInternal":{"host":"s3://npm-registry-packages","tmp":"tmp/n_2.1.10_1525738396284_0.439556712448542"},"_from":"n","_resolved":"https://registry.npmjs.org/n/-/n-2.1.10.tgz","_shasum":"4b027a985d6b097580cc685d9fe5a1098f0717c5","_requested":{"raw":"n","scope":null,"escapedName":"n","name":"n","rawSpec":"","spec":"latest","type":"tag"},"_spec":"n","_where":"","_args":[[{"raw":"n","scope":null,"escapedName":"n","name":"n","rawSpec":"","spec":"latest","type":"tag"},""]],"readme":"ERROR: No README data found!"} (current: {"os":"win32","cpu":"x64"})
43 verbose stack     at checkPlatform (C:\Program Files\nodejs\node_modules\npm\node_modules\npm-install-checks\index.js:45:14)
43 verbose stack     at thenWarnEngineIssues (C:\Program Files\nodejs\node_modules\npm\lib\install\validate-args.js:41:5)
43 verbose stack     at C:\Program Files\nodejs\node_modules\npm\node_modules\iferr\index.js:13:50
43 verbose stack     at checkEngine (C:\Program Files\nodejs\node_modules\npm\node_modules\npm-install-checks\index.js:24:10)
43 verbose stack     at module.exports.isInstallable (C:\Program Files\nodejs\node_modules\npm\lib\install\validate-args.js:38:3)
43 verbose stack     at Array.<anonymous> (C:\Program Files\nodejs\node_modules\npm\node_modules\slide\lib\bind-actor.js:15:8)
43 verbose stack     at LOOP (C:\Program Files\nodejs\node_modules\npm\node_modules\slide\lib\chain.js:15:14)
43 verbose stack     at C:\Program Files\nodejs\node_modules\npm\node_modules\slide\lib\chain.js:18:7
43 verbose stack     at checkSelf (C:\Program Files\nodejs\node_modules\npm\lib\install\validate-args.js:46:72)
43 verbose stack     at Array.<anonymous> (C:\Program Files\nodejs\node_modules\npm\node_modules\slide\lib\bind-actor.js:15:8)
44 verbose pkgid n@2.1.10
45 verbose cwd F:\github\kopei.github.io
46 error Windows_NT 10.0.14393
47 error argv "C:\\Program Files\\nodejs\\node.exe" "C:\\Program Files\\nodejs\\node_modules\\npm\\bin\\npm-cli.js" "install" "-g" "n"
48 error node v6.7.0
49 error npm  v3.10.3
50 error code EBADPLATFORM
51 error notsup Not compatible with your operating system or architecture: n@2.1.10
52 error notsup Valid OS:    !win32
52 error notsup Valid Arch:  any
52 error notsup Actual OS:   win32
52 error notsup Actual Arch: x64
53 verbose exit [ 1, true ]
